{
  "RSpec": {
    "coverage": {
      "/Users/ttrjw/Dropbox (Personal)/Makers/tech_tests/catornot_ruby/spec/picture_spec.rb": {
        "lines": [
          1,
          null,
          null,
          1,
          1,
          1,
          1,
          1,
          null,
          1,
          1,
          1,
          1,
          1,
          1,
          null,
          null
        ]
      },
      "/Users/ttrjw/Dropbox (Personal)/Makers/tech_tests/catornot_ruby/spec/vote_spec.rb": {
        "lines": [
          1,
          1,
          null,
          1,
          1,
          1,
          1,
          1,
          null,
          1,
          1,
          1,
          1,
          null,
          1,
          1,
          1,
          null,
          null
        ]
      }
    },
    "timestamp": 1627996933
  }
}
