{
  "RSpec": {
    "coverage": {
      "/Users/ttrjw/Dropbox/Makers/tech_tests/catornot_ruby/spec/picture_spec.rb": {
        "lines": [
          1,
          null,
          null,
          1,
          1,
          1,
          1,
          1,
          null,
          null,
          null
        ]
      },
      "/Users/ttrjw/Dropbox/Makers/tech_tests/catornot_ruby/lib/picture.rb": {
        "lines": [
          1,
          1,
          null,
          1,
          1,
          1,
          1,
          null,
          null,
          1,
          1,
          1,
          null,
          1,
          1,
          1,
          1,
          null,
          null
        ]
      }
    },
    "timestamp": 1582734042
  }
}
